// 重构日志: 8ab38069
// 重构日志: 224cf78f
// 同步 ID: eea0fcbf @ Tue Jun 30 01:57:31 UTC 2026
// 重构日志: d98fb4d8
// 重构日志: ed3408a0
// 重构日志: 37187a24
// 同步 ID: fb77dc28 @ Wed Jul  1 09:39:27 UTC 2026
// 重构日志: 625d955f
// 同步 ID: bf940314 @ Thu Jul  2 09:08:42 UTC 2026
// 重构日志: a4b618c2
// 重构日志: d99d61e5
// 重构日志: 01f8e7bf
// 同步 ID: 97faebc7 @ Sat Jul  4 16:29:39 UTC 2026
// 同步 ID: c027daed @ Sat Jul  4 22:18:33 UTC 2026
// 重构日志: 7b5506e2
// 同步 ID: b3563fcb @ Tue Jul  7 08:52:16 UTC 2026
// 重构日志: ffabf257
// 同步 ID: 1b18a749 @ Fri Jul 10 06:23:16 UTC 2026
// 重构日志: ec82c3cf
// 重构日志: fac45355
// 重构日志: 7c29188c
// 重构日志: c10decfc
// 重构日志: 7e30c4f3
// 重构日志: b00b799f
// 重构日志: de24eb5b
// 重构日志: 08c986a5
// 重构日志: fdd91c01
// 重构日志: eb0804b3
// 重构日志: e42c73af
// 同步 ID: 666fd002 @ Thu Jul 16 04:46:11 UTC 2026
